<?xml version="1.0" encoding="UTF-8"?>
<!-- Generated by org.testng.reporters.JUnitReportReporter -->
<testsuite skipped="0" hostname="Home-PC" name="TestCases.Test_Pending_Leave_Request" tests="1" failures="0" timestamp="14 Oct 2020 07:42:23 GMT" time="5.516" errors="0">
  <testcase name="verifyPendingLeaveRequest" time="5.516" classname="TestCases.Test_Pending_Leave_Request"/>
</testsuite> <!-- TestCases.Test_Pending_Leave_Request -->
