<?xml version="1.0" encoding="UTF-8"?>
<!-- Generated by org.testng.reporters.JUnitReportReporter -->
<testsuite skipped="0" hostname="Home-PC" name="TestCases.Test_Recuirments" tests="1" failures="0" timestamp="14 Oct 2020 07:42:23 GMT" time="30.955" errors="0">
  <testcase name="check_Vacancies" time="30.955" classname="TestCases.Test_Recuirments"/>
</testsuite> <!-- TestCases.Test_Recuirments -->
